<?xml version="1.0" encoding="UTF-8"?>
<coverage generated="1760869947505" clover="3.2.0">
  <project timestamp="1760869947505" name="All files">
    <metrics statements="320" coveredstatements="261" conditionals="143" coveredconditionals="100" methods="21" coveredmethods="19" elements="484" coveredelements="380" complexity="0" loc="320" ncloc="320" packages="1" files="1" classes="1"/>
    <file name="courseService.js" path="C:\Users\thato\repos\campus_study_buddy\backend\src\services\courseService.js">
      <metrics statements="320" coveredstatements="261" conditionals="143" coveredconditionals="100" methods="21" coveredmethods="19"/>
      <line num="4" count="0" type="stmt"/>
      <line num="5" count="0" type="stmt"/>
      <line num="6" count="0" type="stmt"/>
      <line num="7" count="0" type="stmt"/>
      <line num="11" count="1" type="stmt"/>
      <line num="12" count="1" type="stmt"/>
      <line num="13" count="1" type="stmt"/>
      <line num="15" count="1" type="stmt"/>
      <line num="19" count="1" type="stmt"/>
      <line num="20" count="1" type="stmt"/>
      <line num="22" count="1" type="stmt"/>
      <line num="23" count="1" type="stmt"/>
      <line num="24" count="1" type="stmt"/>
      <line num="25" count="0" type="stmt"/>
      <line num="27" count="1" type="stmt"/>
      <line num="29" count="1" type="cond" truecount="1" falsecount="1"/>
      <line num="30" count="1" type="stmt"/>
      <line num="32" count="0" type="stmt"/>
      <line num="36" count="0" type="stmt"/>
      <line num="37" count="0" type="stmt"/>
      <line num="42" count="1" type="stmt"/>
      <line num="45" count="1" type="stmt"/>
      <line num="46" count="1" type="cond" truecount="0" falsecount="2"/>
      <line num="47" count="0" type="stmt"/>
      <line num="49" count="0" type="stmt"/>
      <line num="54" count="1" type="cond" truecount="1" falsecount="0"/>
      <line num="55" count="1" type="stmt"/>
      <line num="56" count="1" type="stmt"/>
      <line num="57" count="1" type="stmt"/>
      <line num="59" count="1" type="stmt"/>
      <line num="67" count="1" type="cond" truecount="2" falsecount="2"/>
      <line num="69" count="0" type="stmt"/>
      <line num="70" count="0" type="stmt"/>
      <line num="71" count="0" type="stmt"/>
      <line num="79" count="1" type="stmt"/>
      <line num="81" count="1" type="stmt"/>
      <line num="82" count="1" type="stmt"/>
      <line num="87" count="59" type="cond" truecount="1" falsecount="1"/>
      <line num="88" count="0" type="stmt"/>
      <line num="90" count="59" type="stmt"/>
      <line num="94" count="1" type="stmt"/>
      <line num="95" count="16" type="stmt"/>
      <line num="102" count="16" type="stmt"/>
      <line num="103" count="16" type="stmt"/>
      <line num="106" count="16" type="stmt"/>
      <line num="108" count="16" type="stmt"/>
      <line num="109" count="16" type="stmt"/>
      <line num="110" count="16" type="stmt"/>
      <line num="111" count="16" type="stmt"/>
      <line num="112" count="16" type="stmt"/>
      <line num="115" count="16" type="stmt"/>
      <line num="116" count="16" type="cond" truecount="4" falsecount="0"/>
      <line num="117" count="3" type="stmt"/>
      <line num="118" count="3" type="stmt"/>
      <line num="119" count="3" type="stmt"/>
      <line num="126" count="3" type="stmt"/>
      <line num="130" count="16" type="stmt"/>
      <line num="131" count="16" type="stmt"/>
      <line num="132" count="16" type="cond" truecount="2" falsecount="0"/>
      <line num="133" count="16" type="cond" truecount="2" falsecount="0"/>
      <line num="138" count="16" type="stmt"/>
      <line num="190" count="16" type="stmt"/>
      <line num="191" count="16" type="cond" truecount="3" falsecount="1"/>
      <line num="193" count="2" type="stmt"/>
      <line num="195" count="1" type="stmt"/>
      <line num="197" count="13" type="stmt"/>
      <line num="199" count="0" type="stmt"/>
      <line num="203" count="16" type="stmt"/>
      <line num="209" count="16" type="stmt"/>
      <line num="210" count="16" type="stmt"/>
      <line num="213" count="15" type="stmt"/>
      <line num="234" count="11" type="stmt"/>
      <line num="235" count="11" type="stmt"/>
      <line num="236" count="11" type="cond" truecount="4" falsecount="0"/>
      <line num="237" count="2" type="stmt"/>
      <line num="240" count="11" type="stmt"/>
      <line num="248" count="11" type="stmt"/>
      <line num="250" count="11" type="stmt"/>
      <line num="252" count="11" type="stmt"/>
      <line num="264" count="5" type="stmt"/>
      <line num="265" count="5" type="stmt"/>
      <line num="269" count="1" type="stmt"/>
      <line num="270" count="17" type="stmt"/>
      <line num="271" count="17" type="stmt"/>
      <line num="273" count="17" type="cond" truecount="4" falsecount="0"/>
      <line num="274" count="2" type="stmt"/>
      <line num="276" count="15" type="cond" truecount="4" falsecount="0"/>
      <line num="277" count="2" type="stmt"/>
      <line num="279" count="13" type="cond" truecount="2" falsecount="0"/>
      <line num="283" count="3" type="stmt"/>
      <line num="286" count="10" type="stmt"/>
      <line num="287" count="10" type="stmt"/>
      <line num="289" count="10" type="stmt"/>
      <line num="290" count="10" type="stmt"/>
      <line num="295" count="9" type="cond" truecount="4" falsecount="0"/>
      <line num="297" count="8" type="stmt"/>
      <line num="298" count="8" type="stmt"/>
      <line num="300" count="8" type="stmt"/>
      <line num="306" count="6" type="cond" truecount="2" falsecount="0"/>
      <line num="307" count="1" type="stmt"/>
      <line num="308" count="1" type="stmt"/>
      <line num="311" count="3" type="stmt"/>
      <line num="312" count="3" type="stmt"/>
      <line num="313" count="1" type="cond" truecount="1" falsecount="1"/>
      <line num="315" count="0" type="cond" truecount="0" falsecount="2"/>
      <line num="318" count="0" type="stmt"/>
      <line num="325" count="0" type="cond" truecount="0" falsecount="2"/>
      <line num="326" count="0" type="stmt"/>
      <line num="327" count="0" type="stmt"/>
      <line num="328" count="0" type="cond" truecount="0" falsecount="2"/>
      <line num="330" count="0" type="cond" truecount="0" falsecount="5"/>
      <line num="335" count="0" type="stmt"/>
      <line num="341" count="0" type="stmt"/>
      <line num="342" count="0" type="stmt"/>
      <line num="343" count="0" type="stmt"/>
      <line num="346" count="0" type="stmt"/>
      <line num="348" count="0" type="cond" truecount="0" falsecount="2"/>
      <line num="350" count="0" type="stmt"/>
      <line num="354" count="0" type="stmt"/>
      <line num="355" count="0" type="stmt"/>
      <line num="356" count="0" type="stmt"/>
      <line num="357" count="0" type="cond" truecount="0" falsecount="2"/>
      <line num="358" count="0" type="stmt"/>
      <line num="365" count="0" type="stmt"/>
      <line num="371" count="0" type="stmt"/>
      <line num="372" count="0" type="stmt"/>
      <line num="373" count="1" type="cond" truecount="1" falsecount="1"/>
      <line num="377" count="1" type="stmt"/>
      <line num="379" count="1" type="cond" truecount="1" falsecount="1"/>
      <line num="380" count="0" type="stmt"/>
      <line num="381" count="0" type="stmt"/>
      <line num="386" count="1" type="stmt"/>
      <line num="387" count="1" type="stmt"/>
      <line num="388" count="1" type="stmt"/>
      <line num="389" count="0" type="stmt"/>
      <line num="390" count="0" type="stmt"/>
      <line num="391" count="0" type="stmt"/>
      <line num="393" count="0" type="stmt"/>
      <line num="399" count="0" type="stmt"/>
      <line num="400" count="0" type="stmt"/>
      <line num="404" count="3" type="stmt"/>
      <line num="405" count="3" type="stmt"/>
      <line num="406" count="3" type="stmt"/>
      <line num="408" count="3" type="stmt"/>
      <line num="415" count="3" type="cond" truecount="1" falsecount="1"/>
      <line num="416" count="0" type="stmt"/>
      <line num="417" count="0" type="stmt"/>
      <line num="418" count="0" type="stmt"/>
      <line num="426" count="2" type="stmt"/>
      <line num="427" count="2" type="stmt"/>
      <line num="428" count="2" type="stmt"/>
      <line num="430" count="2" type="stmt"/>
      <line num="435" count="2" type="stmt"/>
      <line num="438" count="1" type="stmt"/>
      <line num="451" count="1" type="stmt"/>
      <line num="453" count="8" type="stmt"/>
      <line num="454" count="8" type="stmt"/>
      <line num="457" count="8" type="stmt"/>
      <line num="459" count="8" type="cond" truecount="2" falsecount="0"/>
      <line num="464" count="1" type="stmt"/>
      <line num="469" count="7" type="cond" truecount="3" falsecount="1"/>
      <line num="470" count="0" type="stmt"/>
      <line num="474" count="7" type="stmt"/>
      <line num="481" count="1" type="stmt"/>
      <line num="482" count="8" type="stmt"/>
      <line num="483" count="8" type="stmt"/>
      <line num="484" count="8" type="stmt"/>
      <line num="486" count="8" type="cond" truecount="4" falsecount="0"/>
      <line num="487" count="1" type="stmt"/>
      <line num="490" count="7" type="stmt"/>
      <line num="491" count="7" type="stmt"/>
      <line num="492" count="7" type="stmt"/>
      <line num="493" count="7" type="stmt"/>
      <line num="496" count="7" type="stmt"/>
      <line num="503" count="7" type="stmt"/>
      <line num="505" count="6" type="cond" truecount="2" falsecount="0"/>
      <line num="506" count="1" type="stmt"/>
      <line num="510" count="5" type="cond" truecount="2" falsecount="0"/>
      <line num="511" count="4" type="stmt"/>
      <line num="512" count="4" type="stmt"/>
      <line num="520" count="5" type="stmt"/>
      <line num="521" count="5" type="stmt"/>
      <line num="522" count="5" type="stmt"/>
      <line num="524" count="5" type="stmt"/>
      <line num="558" count="5" type="stmt"/>
      <line num="559" count="5" type="stmt"/>
      <line num="573" count="5" type="stmt"/>
      <line num="575" count="1" type="stmt"/>
      <line num="576" count="1" type="stmt"/>
      <line num="581" count="1" type="stmt"/>
      <line num="582" count="3" type="stmt"/>
      <line num="583" count="3" type="stmt"/>
      <line num="584" count="3" type="stmt"/>
      <line num="586" count="3" type="stmt"/>
      <line num="587" count="3" type="stmt"/>
      <line num="588" count="3" type="stmt"/>
      <line num="589" count="3" type="stmt"/>
      <line num="592" count="3" type="stmt"/>
      <line num="599" count="2" type="cond" truecount="2" falsecount="0"/>
      <line num="600" count="1" type="stmt"/>
      <line num="601" count="1" type="stmt"/>
      <line num="604" count="1" type="stmt"/>
      <line num="605" count="1" type="stmt"/>
      <line num="608" count="1" type="stmt"/>
      <line num="613" count="1" type="stmt"/>
      <line num="614" count="1" type="stmt"/>
      <line num="616" count="1" type="stmt"/>
      <line num="617" count="1" type="stmt"/>
      <line num="622" count="1" type="stmt"/>
      <line num="623" count="2" type="stmt"/>
      <line num="625" count="2" type="stmt"/>
      <line num="626" count="2" type="stmt"/>
      <line num="627" count="2" type="stmt"/>
      <line num="628" count="2" type="stmt"/>
      <line num="630" count="2" type="stmt"/>
      <line num="637" count="2" type="cond" truecount="2" falsecount="2"/>
      <line num="638" count="0" type="stmt"/>
      <line num="639" count="0" type="stmt"/>
      <line num="642" count="2" type="stmt"/>
      <line num="644" count="2" type="stmt"/>
      <line num="651" count="0" type="stmt"/>
      <line num="656" count="1" type="stmt"/>
      <line num="657" count="3" type="stmt"/>
      <line num="658" count="3" type="stmt"/>
      <line num="659" count="3" type="stmt"/>
      <line num="660" count="3" type="stmt"/>
      <line num="662" count="3" type="stmt"/>
      <line num="678" count="3" type="stmt"/>
      <line num="680" count="2" type="stmt"/>
      <line num="684" count="1" type="stmt"/>
      <line num="689" count="2" type="stmt"/>
      <line num="690" count="2" type="stmt"/>
      <line num="695" count="1" type="stmt"/>
      <line num="696" count="4" type="stmt"/>
      <line num="697" count="4" type="stmt"/>
      <line num="699" count="4" type="stmt"/>
      <line num="700" count="4" type="stmt"/>
      <line num="701" count="4" type="stmt"/>
      <line num="703" count="4" type="stmt"/>
      <line num="705" count="4" type="cond" truecount="2" falsecount="0"/>
      <line num="706" count="1" type="stmt"/>
      <line num="707" count="1" type="stmt"/>
      <line num="710" count="4" type="cond" truecount="1" falsecount="1"/>
      <line num="711" count="0" type="stmt"/>
      <line num="712" count="0" type="stmt"/>
      <line num="716" count="4" type="stmt"/>
      <line num="734" count="4" type="stmt"/>
      <line num="736" count="3" type="stmt"/>
      <line num="747" count="3" type="stmt"/>
      <line num="749" count="1" type="stmt"/>
      <line num="750" count="1" type="stmt"/>
      <line num="755" count="1" type="stmt"/>
      <line num="756" count="3" type="stmt"/>
      <line num="757" count="3" type="stmt"/>
      <line num="759" count="3" type="stmt"/>
      <line num="760" count="3" type="stmt"/>
      <line num="761" count="3" type="stmt"/>
      <line num="762" count="3" type="stmt"/>
      <line num="765" count="3" type="stmt"/>
      <line num="771" count="2" type="cond" truecount="2" falsecount="0"/>
      <line num="772" count="1" type="stmt"/>
      <line num="776" count="1" type="stmt"/>
      <line num="800" count="1" type="stmt"/>
      <line num="802" count="2" type="stmt"/>
      <line num="817" count="1" type="stmt"/>
      <line num="819" count="1" type="stmt"/>
      <line num="820" count="1" type="stmt"/>
      <line num="825" count="1" type="stmt"/>
      <line num="826" count="4" type="stmt"/>
      <line num="827" count="4" type="stmt"/>
      <line num="828" count="4" type="stmt"/>
      <line num="829" count="4" type="stmt"/>
      <line num="830" count="4" type="stmt"/>
      <line num="831" count="4" type="stmt"/>
      <line num="834" count="4" type="stmt"/>
      <line num="848" count="4" type="stmt"/>
      <line num="849" count="3" type="cond" truecount="2" falsecount="0"/>
      <line num="850" count="1" type="stmt"/>
      <line num="853" count="2" type="stmt"/>
      <line num="856" count="2" type="stmt"/>
      <line num="880" count="2" type="stmt"/>
      <line num="882" count="2" type="stmt"/>
      <line num="892" count="1" type="stmt"/>
      <line num="907" count="1" type="stmt"/>
      <line num="908" count="1" type="stmt"/>
      <line num="913" count="1" type="stmt"/>
      <line num="914" count="10" type="stmt"/>
      <line num="915" count="10" type="stmt"/>
      <line num="916" count="10" type="stmt"/>
      <line num="918" count="10" type="cond" truecount="4" falsecount="0"/>
      <line num="919" count="3" type="stmt"/>
      <line num="922" count="7" type="stmt"/>
      <line num="923" count="7" type="stmt"/>
      <line num="925" count="7" type="stmt"/>
      <line num="926" count="7" type="stmt"/>
      <line num="928" count="6" type="stmt"/>
      <line num="929" count="6" type="stmt"/>
      <line num="930" count="6" type="stmt"/>
      <line num="933" count="6" type="stmt"/>
      <line num="939" count="6" type="cond" truecount="2" falsecount="0"/>
      <line num="940" count="2" type="stmt"/>
      <line num="941" count="2" type="stmt"/>
      <line num="945" count="2" type="stmt"/>
      <line num="946" count="2" type="cond" truecount="1" falsecount="1"/>
      <line num="947" count="2" type="cond" truecount="2" falsecount="0"/>
      <line num="949" count="2" type="stmt"/>
      <line num="955" count="2" type="stmt"/>
      <line num="957" count="2" type="stmt"/>
      <line num="959" count="2" type="stmt"/>
      <line num="970" count="3" type="stmt"/>
      <line num="971" count="3" type="stmt"/>
      <line num="974" count="3" type="stmt"/>
      <line num="975" count="3" type="stmt"/>
      <line num="980" count="1" type="stmt"/>
      <line num="981" count="0" type="cond" truecount="0" falsecount="4"/>
      <line num="982" count="0" type="stmt"/>
      <line num="984" count="0" type="stmt"/>
      <line num="985" count="0" type="stmt"/>
      <line num="987" count="0" type="stmt"/>
      <line num="990" count="1" type="stmt"/>
    </file>
  </project>
</coverage>
