{"C:\\Users\\thato\\repos\\campus_study_buddy\\backend\\src\\services\\courseService.js": {"path":"C:\\Users\\thato\\repos\\campus_study_buddy\\backend\\src\\services\\courseService.js","statementMap":{"0":{"start":{"line":4,"column":4},"end":{"line":4,"column":19}},"1":{"start":{"line":5,"column":4},"end":{"line":5,"column":37}},"2":{"start":{"line":6,"column":4},"end":{"line":6,"column":21}},"3":{"start":{"line":7,"column":4},"end":{"line":7,"column":33}},"4":{"start":{"line":11,"column":16},"end":{"line":11,"column":34}},"5":{"start":{"line":12,"column":12},"end":{"line":12,"column":28}},"6":{"start":{"line":13,"column":30},"end":{"line":13,"column":69}},"7":{"start":{"line":15,"column":15},"end":{"line":15,"column":31}},"8":{"start":{"line":19,"column":27},"end":{"line":39,"column":1}},"9":{"start":{"line":20,"column":2},"end":{"line":38,"column":3}},"10":{"start":{"line":22,"column":4},"end":{"line":34,"column":5}},"11":{"start":{"line":23,"column":30},"end":{"line":23,"column":62}},"12":{"start":{"line":24,"column":23},"end":{"line":24,"column":60}},"13":{"start":{"line":25,"column":6},"end":{"line":25,"column":41}},"14":{"start":{"line":27,"column":6},"end":{"line":27,"column":78}},"15":{"start":{"line":29,"column":6},"end":{"line":33,"column":7}},"16":{"start":{"line":30,"column":8},"end":{"line":30,"column":73}},"17":{"start":{"line":32,"column":8},"end":{"line":32,"column":89}},"18":{"start":{"line":36,"column":4},"end":{"line":36,"column":58}},"19":{"start":{"line":37,"column":4},"end":{"line":37,"column":16}},"20":{"start":{"line":42,"column":0},"end":{"line":42,"column":21}},"21":{"start":{"line":45,"column":21},"end":{"line":51,"column":1}},"22":{"start":{"line":46,"column":2},"end":{"line":50,"column":3}},"23":{"start":{"line":47,"column":4},"end":{"line":47,"column":43}},"24":{"start":{"line":49,"column":4},"end":{"line":49,"column":37}},"25":{"start":{"line":54,"column":29},"end":{"line":83,"column":1}},"26":{"start":{"line":55,"column":18},"end":{"line":55,"column":46}},"27":{"start":{"line":56,"column":2},"end":{"line":56,"column":53}},"28":{"start":{"line":57,"column":2},"end":{"line":57,"column":68}},"29":{"start":{"line":59,"column":14},"end":{"line":65,"column":3}},"30":{"start":{"line":67,"column":2},"end":{"line":77,"column":3}},"31":{"start":{"line":69,"column":22},"end":{"line":69,"column":72}},"32":{"start":{"line":70,"column":4},"end":{"line":70,"column":61}},"33":{"start":{"line":71,"column":4},"end":{"line":76,"column":38}},"34":{"start":{"line":79,"column":2},"end":{"line":79,"column":15}},"35":{"start":{"line":81,"column":17},"end":{"line":81,"column":43}},"36":{"start":{"line":82,"column":2},"end":{"line":82,"column":26}},"37":{"start":{"line":87,"column":2},"end":{"line":89,"column":3}},"38":{"start":{"line":88,"column":4},"end":{"line":88,"column":31}},"39":{"start":{"line":90,"column":2},"end":{"line":90,"column":14}},"40":{"start":{"line":94,"column":0},"end":{"line":267,"column":3}},"41":{"start":{"line":95,"column":2},"end":{"line":266,"column":3}},"42":{"start":{"line":102,"column":8},"end":{"line":102,"column":17}},"43":{"start":{"line":103,"column":19},"end":{"line":103,"column":57}},"44":{"start":{"line":106,"column":4},"end":{"line":106,"column":88}},"45":{"start":{"line":108,"column":17},"end":{"line":108,"column":32}},"46":{"start":{"line":109,"column":20},"end":{"line":109,"column":34}},"47":{"start":{"line":110,"column":4},"end":{"line":110,"column":60}},"48":{"start":{"line":111,"column":4},"end":{"line":111,"column":45}},"49":{"start":{"line":112,"column":4},"end":{"line":112,"column":53}},"50":{"start":{"line":115,"column":26},"end":{"line":115,"column":28}},"51":{"start":{"line":116,"column":4},"end":{"line":127,"column":5}},"52":{"start":{"line":117,"column":25},"end":{"line":117,"column":45}},"53":{"start":{"line":118,"column":6},"end":{"line":118,"column":61}},"54":{"start":{"line":119,"column":6},"end":{"line":125,"column":10}},"55":{"start":{"line":126,"column":6},"end":{"line":126,"column":74}},"56":{"start":{"line":130,"column":28},"end":{"line":130,"column":70}},"57":{"start":{"line":131,"column":28},"end":{"line":131,"column":43}},"58":{"start":{"line":132,"column":23},"end":{"line":132,"column":80}},"59":{"start":{"line":133,"column":26},"end":{"line":135,"column":14}},"60":{"start":{"line":138,"column":22},"end":{"line":187,"column":7}},"61":{"start":{"line":190,"column":29},"end":{"line":201,"column":5}},"62":{"start":{"line":191,"column":6},"end":{"line":200,"column":7}},"63":{"start":{"line":193,"column":10},"end":{"line":193,"column":28}},"64":{"start":{"line":195,"column":10},"end":{"line":195,"column":33}},"65":{"start":{"line":197,"column":10},"end":{"line":197,"column":34}},"66":{"start":{"line":199,"column":10},"end":{"line":199,"column":34}},"67":{"start":{"line":203,"column":22},"end":{"line":207,"column":7}},"68":{"start":{"line":209,"column":4},"end":{"line":209,"column":58}},"69":{"start":{"line":210,"column":19},"end":{"line":210,"column":49}},"70":{"start":{"line":213,"column":20},"end":{"line":231,"column":7}},"71":{"start":{"line":213,"column":51},"end":{"line":231,"column":5}},"72":{"start":{"line":234,"column":25},"end":{"line":234,"column":39}},"73":{"start":{"line":235,"column":4},"end":{"line":235,"column":65}},"74":{"start":{"line":236,"column":4},"end":{"line":238,"column":5}},"75":{"start":{"line":237,"column":6},"end":{"line":237,"column":76}},"76":{"start":{"line":240,"column":24},"end":{"line":246,"column":8}},"77":{"start":{"line":248,"column":23},"end":{"line":248,"column":53}},"78":{"start":{"line":250,"column":4},"end":{"line":250,"column":73}},"79":{"start":{"line":252,"column":4},"end":{"line":262,"column":7}},"80":{"start":{"line":264,"column":4},"end":{"line":264,"column":46}},"81":{"start":{"line":265,"column":4},"end":{"line":265,"column":63}},"82":{"start":{"line":269,"column":0},"end":{"line":478,"column":3}},"83":{"start":{"line":270,"column":2},"end":{"line":477,"column":3}},"84":{"start":{"line":271,"column":63},"end":{"line":271,"column":71}},"85":{"start":{"line":273,"column":4},"end":{"line":275,"column":5}},"86":{"start":{"line":274,"column":6},"end":{"line":274,"column":82}},"87":{"start":{"line":276,"column":4},"end":{"line":278,"column":5}},"88":{"start":{"line":277,"column":6},"end":{"line":277,"column":66}},"89":{"start":{"line":279,"column":4},"end":{"line":284,"column":5}},"90":{"start":{"line":283,"column":6},"end":{"line":283,"column":89}},"91":{"start":{"line":286,"column":17},"end":{"line":286,"column":32}},"92":{"start":{"line":287,"column":24},"end":{"line":287,"column":49}},"93":{"start":{"line":289,"column":4},"end":{"line":455,"column":5}},"94":{"start":{"line":290,"column":6},"end":{"line":290,"column":32}},"95":{"start":{"line":295,"column":6},"end":{"line":401,"column":7}},"96":{"start":{"line":297,"column":35},"end":{"line":297,"column":63}},"97":{"start":{"line":298,"column":8},"end":{"line":298,"column":64}},"98":{"start":{"line":300,"column":28},"end":{"line":304,"column":18}},"99":{"start":{"line":306,"column":8},"end":{"line":309,"column":9}},"100":{"start":{"line":307,"column":10},"end":{"line":307,"column":39}},"101":{"start":{"line":308,"column":10},"end":{"line":308,"column":69}},"102":{"start":{"line":311,"column":8},"end":{"line":311,"column":33}},"103":{"start":{"line":312,"column":8},"end":{"line":312,"column":46}},"104":{"start":{"line":313,"column":13},"end":{"line":401,"column":7}},"105":{"start":{"line":315,"column":27},"end":{"line":315,"column":72}},"106":{"start":{"line":318,"column":27},"end":{"line":323,"column":9}},"107":{"start":{"line":325,"column":8},"end":{"line":338,"column":9}},"108":{"start":{"line":326,"column":10},"end":{"line":326,"column":39}},"109":{"start":{"line":327,"column":27},"end":{"line":327,"column":40}},"110":{"start":{"line":328,"column":29},"end":{"line":328,"column":72}},"111":{"start":{"line":330,"column":12},"end":{"line":334,"column":18}},"112":{"start":{"line":335,"column":10},"end":{"line":337,"column":13}},"113":{"start":{"line":341,"column":33},"end":{"line":341,"column":61}},"114":{"start":{"line":342,"column":8},"end":{"line":342,"column":74}},"115":{"start":{"line":343,"column":26},"end":{"line":345,"column":12}},"116":{"start":{"line":346,"column":24},"end":{"line":346,"column":34}},"117":{"start":{"line":348,"column":8},"end":{"line":351,"column":9}},"118":{"start":{"line":350,"column":10},"end":{"line":350,"column":73}},"119":{"start":{"line":354,"column":36},"end":{"line":354,"column":64}},"120":{"start":{"line":355,"column":8},"end":{"line":355,"column":85}},"121":{"start":{"line":356,"column":8},"end":{"line":356,"column":89}},"122":{"start":{"line":357,"column":8},"end":{"line":357,"column":87}},"123":{"start":{"line":358,"column":8},"end":{"line":363,"column":10}},"124":{"start":{"line":365,"column":29},"end":{"line":369,"column":18}},"125":{"start":{"line":371,"column":8},"end":{"line":371,"column":60}},"126":{"start":{"line":372,"column":8},"end":{"line":372,"column":47}},"127":{"start":{"line":373,"column":13},"end":{"line":401,"column":7}},"128":{"start":{"line":377,"column":27},"end":{"line":377,"column":93}},"129":{"start":{"line":379,"column":8},"end":{"line":384,"column":9}},"130":{"start":{"line":380,"column":10},"end":{"line":380,"column":39}},"131":{"start":{"line":381,"column":10},"end":{"line":383,"column":13}},"132":{"start":{"line":386,"column":36},"end":{"line":386,"column":64}},"133":{"start":{"line":387,"column":27},"end":{"line":387,"column":64}},"134":{"start":{"line":388,"column":8},"end":{"line":388,"column":86}},"135":{"start":{"line":389,"column":8},"end":{"line":389,"column":89}},"136":{"start":{"line":390,"column":8},"end":{"line":390,"column":88}},"137":{"start":{"line":391,"column":8},"end":{"line":391,"column":85}},"138":{"start":{"line":393,"column":29},"end":{"line":397,"column":18}},"139":{"start":{"line":399,"column":8},"end":{"line":399,"column":60}},"140":{"start":{"line":400,"column":8},"end":{"line":400,"column":47}},"141":{"start":{"line":404,"column":37},"end":{"line":404,"column":65}},"142":{"start":{"line":405,"column":6},"end":{"line":405,"column":77}},"143":{"start":{"line":406,"column":6},"end":{"line":406,"column":71}},"144":{"start":{"line":408,"column":30},"end":{"line":413,"column":14}},"145":{"start":{"line":415,"column":6},"end":{"line":423,"column":7}},"146":{"start":{"line":416,"column":8},"end":{"line":416,"column":37}},"147":{"start":{"line":417,"column":25},"end":{"line":417,"column":53}},"148":{"start":{"line":418,"column":8},"end":{"line":422,"column":11}},"149":{"start":{"line":426,"column":28},"end":{"line":426,"column":56}},"150":{"start":{"line":427,"column":6},"end":{"line":427,"column":68}},"151":{"start":{"line":428,"column":6},"end":{"line":428,"column":62}},"152":{"start":{"line":430,"column":6},"end":{"line":433,"column":15}},"153":{"start":{"line":435,"column":6},"end":{"line":435,"column":33}},"154":{"start":{"line":438,"column":23},"end":{"line":449,"column":7}},"155":{"start":{"line":451,"column":6},"end":{"line":451,"column":37}},"156":{"start":{"line":453,"column":6},"end":{"line":453,"column":35}},"157":{"start":{"line":454,"column":6},"end":{"line":454,"column":27}},"158":{"start":{"line":457,"column":4},"end":{"line":457,"column":47}},"159":{"start":{"line":459,"column":4},"end":{"line":467,"column":5}},"160":{"start":{"line":464,"column":6},"end":{"line":466,"column":100}},"161":{"start":{"line":469,"column":4},"end":{"line":473,"column":5}},"162":{"start":{"line":470,"column":6},"end":{"line":472,"column":100}},"163":{"start":{"line":474,"column":4},"end":{"line":476,"column":95}},"164":{"start":{"line":481,"column":0},"end":{"line":578,"column":3}},"165":{"start":{"line":482,"column":2},"end":{"line":577,"column":3}},"166":{"start":{"line":483,"column":21},"end":{"line":483,"column":44}},"167":{"start":{"line":484,"column":23},"end":{"line":484,"column":31}},"168":{"start":{"line":486,"column":4},"end":{"line":488,"column":5}},"169":{"start":{"line":487,"column":6},"end":{"line":487,"column":63}},"170":{"start":{"line":490,"column":17},"end":{"line":490,"column":32}},"171":{"start":{"line":491,"column":20},"end":{"line":491,"column":34}},"172":{"start":{"line":492,"column":4},"end":{"line":492,"column":60}},"173":{"start":{"line":493,"column":4},"end":{"line":493,"column":49}},"174":{"start":{"line":496,"column":23},"end":{"line":501,"column":9}},"175":{"start":{"line":503,"column":24},"end":{"line":503,"column":55}},"176":{"start":{"line":505,"column":4},"end":{"line":507,"column":5}},"177":{"start":{"line":506,"column":6},"end":{"line":506,"column":69}},"178":{"start":{"line":510,"column":4},"end":{"line":517,"column":5}},"179":{"start":{"line":511,"column":6},"end":{"line":511,"column":56}},"180":{"start":{"line":512,"column":6},"end":{"line":516,"column":15}},"181":{"start":{"line":520,"column":27},"end":{"line":520,"column":41}},"182":{"start":{"line":521,"column":4},"end":{"line":521,"column":67}},"183":{"start":{"line":522,"column":4},"end":{"line":522,"column":56}},"184":{"start":{"line":524,"column":26},"end":{"line":556,"column":10}},"185":{"start":{"line":558,"column":23},"end":{"line":558,"column":49}},"186":{"start":{"line":559,"column":21},"end":{"line":571,"column":5}},"187":{"start":{"line":573,"column":4},"end":{"line":573,"column":23}},"188":{"start":{"line":575,"column":4},"end":{"line":575,"column":50}},"189":{"start":{"line":576,"column":4},"end":{"line":576,"column":63}},"190":{"start":{"line":581,"column":0},"end":{"line":619,"column":3}},"191":{"start":{"line":582,"column":2},"end":{"line":618,"column":3}},"192":{"start":{"line":583,"column":21},"end":{"line":583,"column":44}},"193":{"start":{"line":584,"column":4},"end":{"line":584,"column":87}},"194":{"start":{"line":586,"column":17},"end":{"line":586,"column":32}},"195":{"start":{"line":587,"column":20},"end":{"line":587,"column":34}},"196":{"start":{"line":588,"column":4},"end":{"line":588,"column":60}},"197":{"start":{"line":589,"column":4},"end":{"line":589,"column":49}},"198":{"start":{"line":592,"column":24},"end":{"line":597,"column":10}},"199":{"start":{"line":599,"column":4},"end":{"line":602,"column":5}},"200":{"start":{"line":600,"column":6},"end":{"line":600,"column":90}},"201":{"start":{"line":601,"column":6},"end":{"line":601,"column":69}},"202":{"start":{"line":604,"column":23},"end":{"line":604,"column":47}},"203":{"start":{"line":605,"column":4},"end":{"line":605,"column":94}},"204":{"start":{"line":608,"column":25},"end":{"line":611,"column":10}},"205":{"start":{"line":613,"column":4},"end":{"line":613,"column":83}},"206":{"start":{"line":614,"column":4},"end":{"line":614,"column":26}},"207":{"start":{"line":616,"column":4},"end":{"line":616,"column":53}},"208":{"start":{"line":617,"column":4},"end":{"line":617,"column":74}},"209":{"start":{"line":622,"column":0},"end":{"line":653,"column":3}},"210":{"start":{"line":623,"column":21},"end":{"line":623,"column":30}},"211":{"start":{"line":625,"column":2},"end":{"line":652,"column":3}},"212":{"start":{"line":626,"column":17},"end":{"line":626,"column":32}},"213":{"start":{"line":627,"column":20},"end":{"line":627,"column":34}},"214":{"start":{"line":628,"column":4},"end":{"line":628,"column":53}},"215":{"start":{"line":630,"column":16},"end":{"line":635,"column":5}},"216":{"start":{"line":637,"column":4},"end":{"line":640,"column":5}},"217":{"start":{"line":638,"column":6},"end":{"line":638,"column":71}},"218":{"start":{"line":639,"column":6},"end":{"line":639,"column":111}},"219":{"start":{"line":642,"column":19},"end":{"line":642,"column":45}},"220":{"start":{"line":644,"column":4},"end":{"line":649,"column":7}},"221":{"start":{"line":651,"column":4},"end":{"line":651,"column":51}},"222":{"start":{"line":656,"column":0},"end":{"line":692,"column":3}},"223":{"start":{"line":657,"column":2},"end":{"line":691,"column":3}},"224":{"start":{"line":658,"column":17},"end":{"line":658,"column":32}},"225":{"start":{"line":659,"column":20},"end":{"line":659,"column":34}},"226":{"start":{"line":660,"column":4},"end":{"line":660,"column":60}},"227":{"start":{"line":662,"column":18},"end":{"line":676,"column":5}},"228":{"start":{"line":678,"column":19},"end":{"line":678,"column":45}},"229":{"start":{"line":680,"column":4},"end":{"line":682,"column":6}},"230":{"start":{"line":684,"column":4},"end":{"line":687,"column":7}},"231":{"start":{"line":689,"column":4},"end":{"line":689,"column":52}},"232":{"start":{"line":690,"column":4},"end":{"line":690,"column":66}},"233":{"start":{"line":695,"column":0},"end":{"line":752,"column":3}},"234":{"start":{"line":696,"column":2},"end":{"line":751,"column":3}},"235":{"start":{"line":697,"column":35},"end":{"line":697,"column":44}},"236":{"start":{"line":699,"column":17},"end":{"line":699,"column":32}},"237":{"start":{"line":700,"column":20},"end":{"line":700,"column":34}},"238":{"start":{"line":701,"column":4},"end":{"line":701,"column":60}},"239":{"start":{"line":703,"column":22},"end":{"line":703,"column":45}},"240":{"start":{"line":705,"column":4},"end":{"line":708,"column":5}},"241":{"start":{"line":706,"column":6},"end":{"line":706,"column":65}},"242":{"start":{"line":707,"column":6},"end":{"line":707,"column":55}},"243":{"start":{"line":710,"column":4},"end":{"line":714,"column":5}},"244":{"start":{"line":711,"column":6},"end":{"line":711,"column":64}},"245":{"start":{"line":712,"column":6},"end":{"line":713,"column":104}},"246":{"start":{"line":716,"column":18},"end":{"line":732,"column":9}},"247":{"start":{"line":734,"column":19},"end":{"line":734,"column":45}},"248":{"start":{"line":736,"column":29},"end":{"line":745,"column":7}},"249":{"start":{"line":736,"column":60},"end":{"line":745,"column":5}},"250":{"start":{"line":747,"column":4},"end":{"line":747,"column":31}},"251":{"start":{"line":749,"column":4},"end":{"line":749,"column":56}},"252":{"start":{"line":750,"column":4},"end":{"line":750,"column":73}},"253":{"start":{"line":755,"column":0},"end":{"line":822,"column":3}},"254":{"start":{"line":756,"column":2},"end":{"line":821,"column":3}},"255":{"start":{"line":757,"column":21},"end":{"line":757,"column":44}},"256":{"start":{"line":759,"column":17},"end":{"line":759,"column":32}},"257":{"start":{"line":760,"column":20},"end":{"line":760,"column":34}},"258":{"start":{"line":761,"column":4},"end":{"line":761,"column":60}},"259":{"start":{"line":762,"column":4},"end":{"line":762,"column":49}},"260":{"start":{"line":765,"column":28},"end":{"line":769,"column":10}},"261":{"start":{"line":771,"column":4},"end":{"line":773,"column":5}},"262":{"start":{"line":772,"column":6},"end":{"line":772,"column":76}},"263":{"start":{"line":776,"column":24},"end":{"line":798,"column":9}},"264":{"start":{"line":800,"column":19},"end":{"line":800,"column":51}},"265":{"start":{"line":802,"column":19},"end":{"line":815,"column":7}},"266":{"start":{"line":802,"column":50},"end":{"line":815,"column":5}},"267":{"start":{"line":817,"column":4},"end":{"line":817,"column":21}},"268":{"start":{"line":819,"column":4},"end":{"line":819,"column":57}},"269":{"start":{"line":820,"column":4},"end":{"line":820,"column":69}},"270":{"start":{"line":825,"column":0},"end":{"line":910,"column":3}},"271":{"start":{"line":826,"column":2},"end":{"line":909,"column":3}},"272":{"start":{"line":827,"column":21},"end":{"line":827,"column":44}},"273":{"start":{"line":828,"column":17},"end":{"line":828,"column":32}},"274":{"start":{"line":829,"column":20},"end":{"line":829,"column":34}},"275":{"start":{"line":830,"column":4},"end":{"line":830,"column":60}},"276":{"start":{"line":831,"column":4},"end":{"line":831,"column":49}},"277":{"start":{"line":834,"column":24},"end":{"line":846,"column":5}},"278":{"start":{"line":848,"column":25},"end":{"line":848,"column":57}},"279":{"start":{"line":849,"column":4},"end":{"line":851,"column":5}},"280":{"start":{"line":850,"column":6},"end":{"line":850,"column":65}},"281":{"start":{"line":853,"column":19},"end":{"line":853,"column":44}},"282":{"start":{"line":856,"column":24},"end":{"line":878,"column":5}},"283":{"start":{"line":880,"column":25},"end":{"line":880,"column":57}},"284":{"start":{"line":882,"column":4},"end":{"line":905,"column":7}},"285":{"start":{"line":892,"column":53},"end":{"line":904,"column":7}},"286":{"start":{"line":907,"column":4},"end":{"line":907,"column":58}},"287":{"start":{"line":908,"column":4},"end":{"line":908,"column":70}},"288":{"start":{"line":913,"column":0},"end":{"line":977,"column":3}},"289":{"start":{"line":914,"column":2},"end":{"line":976,"column":3}},"290":{"start":{"line":915,"column":21},"end":{"line":915,"column":44}},"291":{"start":{"line":916,"column":46},"end":{"line":916,"column":54}},"292":{"start":{"line":918,"column":4},"end":{"line":920,"column":5}},"293":{"start":{"line":919,"column":6},"end":{"line":919,"column":77}},"294":{"start":{"line":922,"column":17},"end":{"line":922,"column":32}},"295":{"start":{"line":923,"column":24},"end":{"line":923,"column":49}},"296":{"start":{"line":925,"column":4},"end":{"line":972,"column":5}},"297":{"start":{"line":926,"column":6},"end":{"line":926,"column":32}},"298":{"start":{"line":928,"column":22},"end":{"line":928,"column":50}},"299":{"start":{"line":929,"column":6},"end":{"line":929,"column":62}},"300":{"start":{"line":930,"column":6},"end":{"line":930,"column":51}},"301":{"start":{"line":933,"column":30},"end":{"line":937,"column":8}},"302":{"start":{"line":939,"column":6},"end":{"line":942,"column":7}},"303":{"start":{"line":940,"column":8},"end":{"line":940,"column":37}},"304":{"start":{"line":941,"column":8},"end":{"line":941,"column":83}},"305":{"start":{"line":945,"column":6},"end":{"line":945,"column":61}},"306":{"start":{"line":946,"column":6},"end":{"line":946,"column":65}},"307":{"start":{"line":947,"column":6},"end":{"line":947,"column":68}},"308":{"start":{"line":949,"column":31},"end":{"line":953,"column":8}},"309":{"start":{"line":955,"column":6},"end":{"line":955,"column":33}},"310":{"start":{"line":957,"column":24},"end":{"line":957,"column":53}},"311":{"start":{"line":959,"column":6},"end":{"line":968,"column":9}},"312":{"start":{"line":970,"column":6},"end":{"line":970,"column":35}},"313":{"start":{"line":971,"column":6},"end":{"line":971,"column":18}},"314":{"start":{"line":974,"column":4},"end":{"line":974,"column":56}},"315":{"start":{"line":975,"column":4},"end":{"line":975,"column":65}},"316":{"start":{"line":980,"column":0},"end":{"line":988,"column":3}},"317":{"start":{"line":981,"column":2},"end":{"line":986,"column":3}},"318":{"start":{"line":982,"column":4},"end":{"line":982,"column":69}},"319":{"start":{"line":984,"column":4},"end":{"line":984,"column":71}},"320":{"start":{"line":985,"column":4},"end":{"line":985,"column":11}},"321":{"start":{"line":987,"column":2},"end":{"line":987,"column":12}},"322":{"start":{"line":990,"column":0},"end":{"line":990,"column":24}}},"fnMap":{"0":{"name":"(anonymous_0)","decl":{"start":{"line":3,"column":2},"end":{"line":3,"column":3}},"loc":{"start":{"line":3,"column":47},"end":{"line":8,"column":3}},"line":3},"1":{"name":"(anonymous_1)","decl":{"start":{"line":19,"column":27},"end":{"line":19,"column":28}},"loc":{"start":{"line":19,"column":39},"end":{"line":39,"column":1}},"line":19},"2":{"name":"(anonymous_2)","decl":{"start":{"line":45,"column":21},"end":{"line":45,"column":22}},"loc":{"start":{"line":45,"column":53},"end":{"line":51,"column":1}},"line":45},"3":{"name":"(anonymous_3)","decl":{"start":{"line":54,"column":29},"end":{"line":54,"column":30}},"loc":{"start":{"line":54,"column":91},"end":{"line":83,"column":1}},"line":54},"4":{"name":"getPool","decl":{"start":{"line":86,"column":15},"end":{"line":86,"column":22}},"loc":{"start":{"line":86,"column":25},"end":{"line":91,"column":1}},"line":86},"5":{"name":"(anonymous_5)","decl":{"start":{"line":94,"column":35},"end":{"line":94,"column":36}},"loc":{"start":{"line":94,"column":55},"end":{"line":267,"column":1}},"line":94},"6":{"name":"(anonymous_6)","decl":{"start":{"line":190,"column":29},"end":{"line":190,"column":30}},"loc":{"start":{"line":190,"column":44},"end":{"line":201,"column":5}},"line":190},"7":{"name":"(anonymous_7)","decl":{"start":{"line":213,"column":41},"end":{"line":213,"column":42}},"loc":{"start":{"line":213,"column":51},"end":{"line":231,"column":5}},"line":213},"8":{"name":"(anonymous_8)","decl":{"start":{"line":269,"column":36},"end":{"line":269,"column":37}},"loc":{"start":{"line":269,"column":56},"end":{"line":478,"column":1}},"line":269},"9":{"name":"(anonymous_9)","decl":{"start":{"line":481,"column":38},"end":{"line":481,"column":39}},"loc":{"start":{"line":481,"column":58},"end":{"line":578,"column":1}},"line":481},"10":{"name":"(anonymous_10)","decl":{"start":{"line":581,"column":41},"end":{"line":581,"column":42}},"loc":{"start":{"line":581,"column":61},"end":{"line":619,"column":1}},"line":581},"11":{"name":"(anonymous_11)","decl":{"start":{"line":622,"column":27},"end":{"line":622,"column":28}},"loc":{"start":{"line":622,"column":47},"end":{"line":653,"column":1}},"line":622},"12":{"name":"(anonymous_12)","decl":{"start":{"line":656,"column":40},"end":{"line":656,"column":41}},"loc":{"start":{"line":656,"column":60},"end":{"line":692,"column":1}},"line":656},"13":{"name":"(anonymous_13)","decl":{"start":{"line":695,"column":44},"end":{"line":695,"column":45}},"loc":{"start":{"line":695,"column":64},"end":{"line":752,"column":1}},"line":695},"14":{"name":"(anonymous_14)","decl":{"start":{"line":736,"column":50},"end":{"line":736,"column":51}},"loc":{"start":{"line":736,"column":60},"end":{"line":745,"column":5}},"line":736},"15":{"name":"(anonymous_15)","decl":{"start":{"line":755,"column":45},"end":{"line":755,"column":46}},"loc":{"start":{"line":755,"column":65},"end":{"line":822,"column":1}},"line":755},"16":{"name":"(anonymous_16)","decl":{"start":{"line":802,"column":40},"end":{"line":802,"column":41}},"loc":{"start":{"line":802,"column":50},"end":{"line":815,"column":5}},"line":802},"17":{"name":"(anonymous_17)","decl":{"start":{"line":825,"column":46},"end":{"line":825,"column":47}},"loc":{"start":{"line":825,"column":66},"end":{"line":910,"column":1}},"line":825},"18":{"name":"(anonymous_18)","decl":{"start":{"line":892,"column":41},"end":{"line":892,"column":42}},"loc":{"start":{"line":892,"column":53},"end":{"line":904,"column":7}},"line":892},"19":{"name":"(anonymous_19)","decl":{"start":{"line":913,"column":49},"end":{"line":913,"column":50}},"loc":{"start":{"line":913,"column":69},"end":{"line":977,"column":1}},"line":913},"20":{"name":"(anonymous_20)","decl":{"start":{"line":980,"column":11},"end":{"line":980,"column":12}},"loc":{"start":{"line":980,"column":36},"end":{"line":988,"column":1}},"line":980}},"branchMap":{"0":{"loc":{"start":{"line":3,"column":29},"end":{"line":3,"column":45}},"type":"default-arg","locations":[{"start":{"line":3,"column":42},"end":{"line":3,"column":45}}],"line":3},"1":{"loc":{"start":{"line":29,"column":6},"end":{"line":33,"column":7}},"type":"if","locations":[{"start":{"line":29,"column":6},"end":{"line":33,"column":7}},{"start":{"line":31,"column":13},"end":{"line":33,"column":7}}],"line":29},"2":{"loc":{"start":{"line":46,"column":2},"end":{"line":50,"column":3}},"type":"if","locations":[{"start":{"line":46,"column":2},"end":{"line":50,"column":3}},{"start":{"line":48,"column":9},"end":{"line":50,"column":3}}],"line":46},"3":{"loc":{"start":{"line":54,"column":69},"end":{"line":54,"column":86}},"type":"default-arg","locations":[{"start":{"line":54,"column":82},"end":{"line":54,"column":86}}],"line":54},"4":{"loc":{"start":{"line":67,"column":2},"end":{"line":77,"column":3}},"type":"if","locations":[{"start":{"line":67,"column":2},"end":{"line":77,"column":3}},{"start":{},"end":{}}],"line":67},"5":{"loc":{"start":{"line":67,"column":6},"end":{"line":67,"column":37}},"type":"binary-expr","locations":[{"start":{"line":67,"column":6},"end":{"line":67,"column":16}},{"start":{"line":67,"column":20},"end":{"line":67,"column":37}}],"line":67},"6":{"loc":{"start":{"line":87,"column":2},"end":{"line":89,"column":3}},"type":"if","locations":[{"start":{"line":87,"column":2},"end":{"line":89,"column":3}},{"start":{},"end":{}}],"line":87},"7":{"loc":{"start":{"line":97,"column":6},"end":{"line":97,"column":14}},"type":"default-arg","locations":[{"start":{"line":97,"column":13},"end":{"line":97,"column":14}}],"line":97},"8":{"loc":{"start":{"line":98,"column":6},"end":{"line":98,"column":16}},"type":"default-arg","locations":[{"start":{"line":98,"column":14},"end":{"line":98,"column":16}}],"line":98},"9":{"loc":{"start":{"line":99,"column":6},"end":{"line":99,"column":17}},"type":"default-arg","locations":[{"start":{"line":99,"column":15},"end":{"line":99,"column":17}}],"line":99},"10":{"loc":{"start":{"line":100,"column":6},"end":{"line":100,"column":28}},"type":"default-arg","locations":[{"start":{"line":100,"column":15},"end":{"line":100,"column":28}}],"line":100},"11":{"loc":{"start":{"line":101,"column":6},"end":{"line":101,"column":24}},"type":"default-arg","locations":[{"start":{"line":101,"column":18},"end":{"line":101,"column":24}}],"line":101},"12":{"loc":{"start":{"line":116,"column":4},"end":{"line":127,"column":5}},"type":"if","locations":[{"start":{"line":116,"column":4},"end":{"line":127,"column":5}},{"start":{},"end":{}}],"line":116},"13":{"loc":{"start":{"line":116,"column":8},"end":{"line":116,"column":38}},"type":"binary-expr","locations":[{"start":{"line":116,"column":8},"end":{"line":116,"column":14}},{"start":{"line":116,"column":18},"end":{"line":116,"column":38}}],"line":116},"14":{"loc":{"start":{"line":132,"column":23},"end":{"line":132,"column":80}},"type":"cond-expr","locations":[{"start":{"line":132,"column":58},"end":{"line":132,"column":64}},{"start":{"line":132,"column":67},"end":{"line":132,"column":80}}],"line":132},"15":{"loc":{"start":{"line":133,"column":26},"end":{"line":135,"column":14}},"type":"cond-expr","locations":[{"start":{"line":134,"column":8},"end":{"line":134,"column":31}},{"start":{"line":135,"column":8},"end":{"line":135,"column":14}}],"line":133},"16":{"loc":{"start":{"line":191,"column":6},"end":{"line":200,"column":7}},"type":"switch","locations":[{"start":{"line":192,"column":8},"end":{"line":193,"column":28}},{"start":{"line":194,"column":8},"end":{"line":195,"column":33}},{"start":{"line":196,"column":8},"end":{"line":197,"column":34}},{"start":{"line":198,"column":8},"end":{"line":199,"column":34}}],"line":191},"17":{"loc":{"start":{"line":216,"column":8},"end":{"line":216,"column":97}},"type":"cond-expr","locations":[{"start":{"line":216,"column":73},"end":{"line":216,"column":81}},{"start":{"line":216,"column":84},"end":{"line":216,"column":97}}],"line":216},"18":{"loc":{"start":{"line":216,"column":8},"end":{"line":216,"column":70}},"type":"binary-expr","locations":[{"start":{"line":216,"column":8},"end":{"line":216,"column":35}},{"start":{"line":216,"column":39},"end":{"line":216,"column":70}}],"line":216},"19":{"loc":{"start":{"line":217,"column":12},"end":{"line":217,"column":97}},"type":"cond-expr","locations":[{"start":{"line":217,"column":77},"end":{"line":217,"column":86}},{"start":{"line":217,"column":89},"end":{"line":217,"column":97}}],"line":217},"20":{"loc":{"start":{"line":217,"column":12},"end":{"line":217,"column":74}},"type":"binary-expr","locations":[{"start":{"line":217,"column":12},"end":{"line":217,"column":39}},{"start":{"line":217,"column":43},"end":{"line":217,"column":74}}],"line":217},"21":{"loc":{"start":{"line":236,"column":4},"end":{"line":238,"column":5}},"type":"if","locations":[{"start":{"line":236,"column":4},"end":{"line":238,"column":5}},{"start":{},"end":{}}],"line":236},"22":{"loc":{"start":{"line":236,"column":8},"end":{"line":236,"column":38}},"type":"binary-expr","locations":[{"start":{"line":236,"column":8},"end":{"line":236,"column":14}},{"start":{"line":236,"column":18},"end":{"line":236,"column":38}}],"line":236},"23":{"loc":{"start":{"line":273,"column":4},"end":{"line":275,"column":5}},"type":"if","locations":[{"start":{"line":273,"column":4},"end":{"line":275,"column":5}},{"start":{},"end":{}}],"line":273},"24":{"loc":{"start":{"line":273,"column":8},"end":{"line":273,"column":58}},"type":"binary-expr","locations":[{"start":{"line":273,"column":8},"end":{"line":273,"column":13}},{"start":{"line":273,"column":17},"end":{"line":273,"column":58}}],"line":273},"25":{"loc":{"start":{"line":276,"column":4},"end":{"line":278,"column":5}},"type":"if","locations":[{"start":{"line":276,"column":4},"end":{"line":278,"column":5}},{"start":{},"end":{}}],"line":276},"26":{"loc":{"start":{"line":276,"column":8},"end":{"line":276,"column":43}},"type":"binary-expr","locations":[{"start":{"line":276,"column":8},"end":{"line":276,"column":14}},{"start":{"line":276,"column":18},"end":{"line":276,"column":43}}],"line":276},"27":{"loc":{"start":{"line":279,"column":4},"end":{"line":284,"column":5}},"type":"if","locations":[{"start":{"line":279,"column":4},"end":{"line":284,"column":5}},{"start":{},"end":{}}],"line":279},"28":{"loc":{"start":{"line":280,"column":6},"end":{"line":281,"column":78}},"type":"binary-expr","locations":[{"start":{"line":280,"column":6},"end":{"line":280,"column":23}},{"start":{"line":281,"column":7},"end":{"line":281,"column":19}},{"start":{"line":281,"column":23},"end":{"line":281,"column":54}},{"start":{"line":281,"column":58},"end":{"line":281,"column":77}}],"line":280},"29":{"loc":{"start":{"line":295,"column":6},"end":{"line":401,"column":7}},"type":"if","locations":[{"start":{"line":295,"column":6},"end":{"line":401,"column":7}},{"start":{"line":313,"column":13},"end":{"line":401,"column":7}}],"line":295},"30":{"loc":{"start":{"line":295,"column":10},"end":{"line":295,"column":44}},"type":"binary-expr","locations":[{"start":{"line":295,"column":10},"end":{"line":295,"column":32}},{"start":{"line":295,"column":36},"end":{"line":295,"column":44}}],"line":295},"31":{"loc":{"start":{"line":306,"column":8},"end":{"line":309,"column":9}},"type":"if","locations":[{"start":{"line":306,"column":8},"end":{"line":309,"column":9}},{"start":{},"end":{}}],"line":306},"32":{"loc":{"start":{"line":313,"column":13},"end":{"line":401,"column":7}},"type":"if","locations":[{"start":{"line":313,"column":13},"end":{"line":401,"column":7}},{"start":{"line":373,"column":13},"end":{"line":401,"column":7}}],"line":313},"33":{"loc":{"start":{"line":315,"column":27},"end":{"line":315,"column":72}},"type":"binary-expr","locations":[{"start":{"line":315,"column":27},"end":{"line":315,"column":31}},{"start":{"line":315,"column":35},"end":{"line":315,"column":72}}],"line":315},"34":{"loc":{"start":{"line":325,"column":8},"end":{"line":338,"column":9}},"type":"if","locations":[{"start":{"line":325,"column":8},"end":{"line":338,"column":9}},{"start":{},"end":{}}],"line":325},"35":{"loc":{"start":{"line":328,"column":29},"end":{"line":328,"column":72}},"type":"cond-expr","locations":[{"start":{"line":328,"column":54},"end":{"line":328,"column":62}},{"start":{"line":328,"column":65},"end":{"line":328,"column":72}}],"line":328},"36":{"loc":{"start":{"line":330,"column":12},"end":{"line":334,"column":18}},"type":"cond-expr","locations":[{"start":{"line":333,"column":16},"end":{"line":333,"column":77}},{"start":{"line":334,"column":16},"end":{"line":334,"column":18}}],"line":330},"37":{"loc":{"start":{"line":330,"column":12},"end":{"line":332,"column":55}},"type":"binary-expr","locations":[{"start":{"line":330,"column":12},"end":{"line":330,"column":32}},{"start":{"line":331,"column":12},"end":{"line":331,"column":55}},{"start":{"line":332,"column":12},"end":{"line":332,"column":55}}],"line":330},"38":{"loc":{"start":{"line":348,"column":8},"end":{"line":351,"column":9}},"type":"if","locations":[{"start":{"line":348,"column":8},"end":{"line":351,"column":9}},{"start":{},"end":{}}],"line":348},"39":{"loc":{"start":{"line":357,"column":68},"end":{"line":357,"column":85}},"type":"binary-expr","locations":[{"start":{"line":357,"column":68},"end":{"line":357,"column":79}},{"start":{"line":357,"column":83},"end":{"line":357,"column":85}}],"line":357},"40":{"loc":{"start":{"line":362,"column":10},"end":{"line":362,"column":41}},"type":"binary-expr","locations":[{"start":{"line":362,"column":10},"end":{"line":362,"column":29}},{"start":{"line":362,"column":33},"end":{"line":362,"column":41}}],"line":362},"41":{"loc":{"start":{"line":373,"column":13},"end":{"line":401,"column":7}},"type":"if","locations":[{"start":{"line":373,"column":13},"end":{"line":401,"column":7}},{"start":{},"end":{}}],"line":373},"42":{"loc":{"start":{"line":379,"column":8},"end":{"line":384,"column":9}},"type":"if","locations":[{"start":{"line":379,"column":8},"end":{"line":384,"column":9}},{"start":{},"end":{}}],"line":379},"43":{"loc":{"start":{"line":415,"column":6},"end":{"line":423,"column":7}},"type":"if","locations":[{"start":{"line":415,"column":6},"end":{"line":423,"column":7}},{"start":{},"end":{}}],"line":415},"44":{"loc":{"start":{"line":420,"column":12},"end":{"line":420,"column":68}},"type":"cond-expr","locations":[{"start":{"line":420,"column":35},"end":{"line":420,"column":63}},{"start":{"line":420,"column":66},"end":{"line":420,"column":68}}],"line":420},"45":{"loc":{"start":{"line":441,"column":14},"end":{"line":441,"column":68}},"type":"cond-expr","locations":[{"start":{"line":441,"column":34},"end":{"line":441,"column":43}},{"start":{"line":441,"column":46},"end":{"line":441,"column":68}}],"line":441},"46":{"loc":{"start":{"line":459,"column":4},"end":{"line":467,"column":5}},"type":"if","locations":[{"start":{"line":459,"column":4},"end":{"line":467,"column":5}},{"start":{},"end":{}}],"line":459},"47":{"loc":{"start":{"line":460,"column":6},"end":{"line":462,"column":85}},"type":"binary-expr","locations":[{"start":{"line":460,"column":6},"end":{"line":460,"column":9}},{"start":{"line":461,"column":6},"end":{"line":461,"column":17}},{"start":{"line":462,"column":6},"end":{"line":462,"column":85}}],"line":460},"48":{"loc":{"start":{"line":469,"column":4},"end":{"line":473,"column":5}},"type":"if","locations":[{"start":{"line":469,"column":4},"end":{"line":473,"column":5}},{"start":{},"end":{}}],"line":469},"49":{"loc":{"start":{"line":469,"column":8},"end":{"line":469,"column":40}},"type":"binary-expr","locations":[{"start":{"line":469,"column":8},"end":{"line":469,"column":11}},{"start":{"line":469,"column":15},"end":{"line":469,"column":40}}],"line":469},"50":{"loc":{"start":{"line":476,"column":21},"end":{"line":476,"column":91}},"type":"cond-expr","locations":[{"start":{"line":476,"column":42},"end":{"line":476,"column":53}},{"start":{"line":476,"column":56},"end":{"line":476,"column":91}}],"line":476},"51":{"loc":{"start":{"line":476,"column":21},"end":{"line":476,"column":39}},"type":"binary-expr","locations":[{"start":{"line":476,"column":21},"end":{"line":476,"column":24}},{"start":{"line":476,"column":28},"end":{"line":476,"column":39}}],"line":476},"52":{"loc":{"start":{"line":486,"column":4},"end":{"line":488,"column":5}},"type":"if","locations":[{"start":{"line":486,"column":4},"end":{"line":488,"column":5}},{"start":{},"end":{}}],"line":486},"53":{"loc":{"start":{"line":486,"column":8},"end":{"line":486,"column":70}},"type":"binary-expr","locations":[{"start":{"line":486,"column":8},"end":{"line":486,"column":14}},{"start":{"line":486,"column":18},"end":{"line":486,"column":70}}],"line":486},"54":{"loc":{"start":{"line":505,"column":4},"end":{"line":507,"column":5}},"type":"if","locations":[{"start":{"line":505,"column":4},"end":{"line":507,"column":5}},{"start":{},"end":{}}],"line":505},"55":{"loc":{"start":{"line":510,"column":4},"end":{"line":517,"column":5}},"type":"if","locations":[{"start":{"line":510,"column":4},"end":{"line":517,"column":5}},{"start":{},"end":{}}],"line":510},"56":{"loc":{"start":{"line":599,"column":4},"end":{"line":602,"column":5}},"type":"if","locations":[{"start":{"line":599,"column":4},"end":{"line":602,"column":5}},{"start":{},"end":{}}],"line":599},"57":{"loc":{"start":{"line":637,"column":4},"end":{"line":640,"column":5}},"type":"if","locations":[{"start":{"line":637,"column":4},"end":{"line":640,"column":5}},{"start":{},"end":{}}],"line":637},"58":{"loc":{"start":{"line":637,"column":8},"end":{"line":637,"column":38}},"type":"binary-expr","locations":[{"start":{"line":637,"column":8},"end":{"line":637,"column":14}},{"start":{"line":637,"column":18},"end":{"line":637,"column":38}}],"line":637},"59":{"loc":{"start":{"line":705,"column":4},"end":{"line":708,"column":5}},"type":"if","locations":[{"start":{"line":705,"column":4},"end":{"line":708,"column":5}},{"start":{},"end":{}}],"line":705},"60":{"loc":{"start":{"line":710,"column":4},"end":{"line":714,"column":5}},"type":"if","locations":[{"start":{"line":710,"column":4},"end":{"line":714,"column":5}},{"start":{},"end":{}}],"line":710},"61":{"loc":{"start":{"line":771,"column":4},"end":{"line":773,"column":5}},"type":"if","locations":[{"start":{"line":771,"column":4},"end":{"line":773,"column":5}},{"start":{},"end":{}}],"line":771},"62":{"loc":{"start":{"line":808,"column":18},"end":{"line":808,"column":37}},"type":"binary-expr","locations":[{"start":{"line":808,"column":18},"end":{"line":808,"column":32}},{"start":{"line":808,"column":36},"end":{"line":808,"column":37}}],"line":808},"63":{"loc":{"start":{"line":814,"column":8},"end":{"line":814,"column":95}},"type":"cond-expr","locations":[{"start":{"line":814,"column":31},"end":{"line":814,"column":91}},{"start":{"line":814,"column":94},"end":{"line":814,"column":95}}],"line":814},"64":{"loc":{"start":{"line":849,"column":4},"end":{"line":851,"column":5}},"type":"if","locations":[{"start":{"line":849,"column":4},"end":{"line":851,"column":5}},{"start":{},"end":{}}],"line":849},"65":{"loc":{"start":{"line":918,"column":4},"end":{"line":920,"column":5}},"type":"if","locations":[{"start":{"line":918,"column":4},"end":{"line":920,"column":5}},{"start":{},"end":{}}],"line":918},"66":{"loc":{"start":{"line":918,"column":8},"end":{"line":918,"column":28}},"type":"binary-expr","locations":[{"start":{"line":918,"column":8},"end":{"line":918,"column":14}},{"start":{"line":918,"column":18},"end":{"line":918,"column":28}}],"line":918},"67":{"loc":{"start":{"line":939,"column":6},"end":{"line":942,"column":7}},"type":"if","locations":[{"start":{"line":939,"column":6},"end":{"line":942,"column":7}},{"start":{},"end":{}}],"line":939},"68":{"loc":{"start":{"line":946,"column":46},"end":{"line":946,"column":63}},"type":"binary-expr","locations":[{"start":{"line":946,"column":46},"end":{"line":946,"column":57}},{"start":{"line":946,"column":61},"end":{"line":946,"column":63}}],"line":946},"69":{"loc":{"start":{"line":947,"column":43},"end":{"line":947,"column":66}},"type":"binary-expr","locations":[{"start":{"line":947,"column":43},"end":{"line":947,"column":52}},{"start":{"line":947,"column":56},"end":{"line":947,"column":66}}],"line":947},"70":{"loc":{"start":{"line":981,"column":2},"end":{"line":986,"column":3}},"type":"if","locations":[{"start":{"line":981,"column":2},"end":{"line":986,"column":3}},{"start":{},"end":{}}],"line":981},"71":{"loc":{"start":{"line":981,"column":6},"end":{"line":981,"column":59}},"type":"binary-expr","locations":[{"start":{"line":981,"column":6},"end":{"line":981,"column":31}},{"start":{"line":981,"column":35},"end":{"line":981,"column":59}}],"line":981}},"s":{"0":0,"1":0,"2":0,"3":0,"4":1,"5":1,"6":1,"7":1,"8":1,"9":1,"10":1,"11":1,"12":1,"13":0,"14":1,"15":1,"16":1,"17":0,"18":0,"19":0,"20":1,"21":1,"22":1,"23":0,"24":0,"25":1,"26":1,"27":1,"28":1,"29":1,"30":1,"31":0,"32":0,"33":0,"34":1,"35":1,"36":1,"37":59,"38":0,"39":59,"40":1,"41":16,"42":16,"43":16,"44":16,"45":16,"46":16,"47":16,"48":16,"49":16,"50":16,"51":16,"52":3,"53":3,"54":3,"55":3,"56":16,"57":16,"58":16,"59":16,"60":16,"61":16,"62":16,"63":2,"64":1,"65":13,"66":0,"67":16,"68":16,"69":16,"70":15,"71":4,"72":11,"73":11,"74":11,"75":2,"76":11,"77":11,"78":11,"79":11,"80":5,"81":5,"82":1,"83":17,"84":17,"85":17,"86":2,"87":15,"88":2,"89":13,"90":3,"91":10,"92":10,"93":10,"94":10,"95":9,"96":8,"97":8,"98":8,"99":6,"100":1,"101":1,"102":3,"103":3,"104":1,"105":0,"106":0,"107":0,"108":0,"109":0,"110":0,"111":0,"112":0,"113":0,"114":0,"115":0,"116":0,"117":0,"118":0,"119":0,"120":0,"121":0,"122":0,"123":0,"124":0,"125":0,"126":0,"127":1,"128":1,"129":1,"130":0,"131":0,"132":1,"133":1,"134":1,"135":0,"136":0,"137":0,"138":0,"139":0,"140":0,"141":3,"142":3,"143":3,"144":3,"145":3,"146":0,"147":0,"148":0,"149":2,"150":2,"151":2,"152":2,"153":2,"154":1,"155":1,"156":8,"157":8,"158":8,"159":8,"160":1,"161":7,"162":0,"163":7,"164":1,"165":8,"166":8,"167":8,"168":8,"169":1,"170":7,"171":7,"172":7,"173":7,"174":7,"175":7,"176":6,"177":1,"178":5,"179":4,"180":4,"181":5,"182":5,"183":5,"184":5,"185":5,"186":5,"187":5,"188":1,"189":1,"190":1,"191":3,"192":3,"193":3,"194":3,"195":3,"196":3,"197":3,"198":3,"199":2,"200":1,"201":1,"202":1,"203":1,"204":1,"205":1,"206":1,"207":1,"208":1,"209":1,"210":2,"211":2,"212":2,"213":2,"214":2,"215":2,"216":2,"217":0,"218":0,"219":2,"220":2,"221":0,"222":1,"223":3,"224":3,"225":3,"226":3,"227":3,"228":3,"229":2,"230":1,"231":2,"232":2,"233":1,"234":4,"235":4,"236":4,"237":4,"238":4,"239":4,"240":4,"241":1,"242":1,"243":4,"244":0,"245":0,"246":4,"247":4,"248":3,"249":3,"250":3,"251":1,"252":1,"253":1,"254":3,"255":3,"256":3,"257":3,"258":3,"259":3,"260":3,"261":2,"262":1,"263":1,"264":1,"265":1,"266":2,"267":1,"268":1,"269":1,"270":1,"271":4,"272":4,"273":4,"274":4,"275":4,"276":4,"277":4,"278":4,"279":3,"280":1,"281":2,"282":2,"283":2,"284":2,"285":1,"286":1,"287":1,"288":1,"289":10,"290":10,"291":10,"292":10,"293":3,"294":7,"295":7,"296":7,"297":7,"298":6,"299":6,"300":6,"301":6,"302":6,"303":2,"304":2,"305":2,"306":2,"307":2,"308":2,"309":2,"310":2,"311":2,"312":3,"313":3,"314":3,"315":3,"316":1,"317":0,"318":0,"319":0,"320":0,"321":0,"322":1},"f":{"0":0,"1":1,"2":1,"3":1,"4":59,"5":16,"6":16,"7":4,"8":17,"9":8,"10":3,"11":2,"12":3,"13":4,"14":3,"15":3,"16":2,"17":4,"18":1,"19":10,"20":0},"b":{"0":[0],"1":[1,0],"2":[0,0],"3":[1],"4":[0,1],"5":[1,0],"6":[0,59],"7":[13],"8":[13],"9":[12],"10":[12],"11":[12],"12":[3,13],"13":[16,3],"14":[15,1],"15":[15,1],"16":[2,1,13,0],"17":[1,3],"18":[4,3],"19":[1,3],"20":[4,3],"21":[2,9],"22":[11,2],"23":[2,15],"24":[17,16],"25":[2,13],"26":[15,14],"27":[3,10],"28":[13,4,3,2],"29":[8,1],"30":[9,8],"31":[1,3],"32":[0,1],"33":[0,0],"34":[0,0],"35":[0,0],"36":[0,0],"37":[0,0,0],"38":[0,0],"39":[0,0],"40":[0,0],"41":[1,0],"42":[0,1],"43":[0,2],"44":[0,0],"45":[0,1],"46":[1,7],"47":[8,8,8],"48":[0,7],"49":[7,7],"50":[7,0],"51":[7,7],"52":[1,7],"53":[8,7],"54":[1,5],"55":[4,1],"56":[1,1],"57":[0,2],"58":[2,0],"59":[1,3],"60":[0,4],"61":[1,1],"62":[2,1],"63":[2,0],"64":[1,2],"65":[3,7],"66":[10,8],"67":[2,2],"68":[2,0],"69":[2,1],"70":[0,0],"71":[0,0]},"_coverageSchema":"1a1c01bbd47fc00a2c39e90264f33305004495a9","hash":"5298cabcbd9465d4823749235d940e9e6be2095c"}
}
