TN:
SF:backend\src\services\courseService.js
FN:3,(anonymous_0)
FN:19,(anonymous_1)
FN:45,(anonymous_2)
FN:54,(anonymous_3)
FN:86,getPool
FN:94,(anonymous_5)
FN:190,(anonymous_6)
FN:213,(anonymous_7)
FN:269,(anonymous_8)
FN:481,(anonymous_9)
FN:581,(anonymous_10)
FN:622,(anonymous_11)
FN:656,(anonymous_12)
FN:695,(anonymous_13)
FN:736,(anonymous_14)
FN:755,(anonymous_15)
FN:802,(anonymous_16)
FN:825,(anonymous_17)
FN:892,(anonymous_18)
FN:913,(anonymous_19)
FN:980,(anonymous_20)
FNF:21
FNH:19
FNDA:0,(anonymous_0)
FNDA:1,(anonymous_1)
FNDA:1,(anonymous_2)
FNDA:1,(anonymous_3)
FNDA:59,getPool
FNDA:16,(anonymous_5)
FNDA:16,(anonymous_6)
FNDA:4,(anonymous_7)
FNDA:17,(anonymous_8)
FNDA:8,(anonymous_9)
FNDA:3,(anonymous_10)
FNDA:2,(anonymous_11)
FNDA:3,(anonymous_12)
FNDA:4,(anonymous_13)
FNDA:3,(anonymous_14)
FNDA:3,(anonymous_15)
FNDA:2,(anonymous_16)
FNDA:4,(anonymous_17)
FNDA:1,(anonymous_18)
FNDA:10,(anonymous_19)
FNDA:0,(anonymous_20)
DA:4,0
DA:5,0
DA:6,0
DA:7,0
DA:11,1
DA:12,1
DA:13,1
DA:15,1
DA:19,1
DA:20,1
DA:22,1
DA:23,1
DA:24,1
DA:25,0
DA:27,1
DA:29,1
DA:30,1
DA:32,0
DA:36,0
DA:37,0
DA:42,1
DA:45,1
DA:46,1
DA:47,0
DA:49,0
DA:54,1
DA:55,1
DA:56,1
DA:57,1
DA:59,1
DA:67,1
DA:69,0
DA:70,0
DA:71,0
DA:79,1
DA:81,1
DA:82,1
DA:87,59
DA:88,0
DA:90,59
DA:94,1
DA:95,16
DA:102,16
DA:103,16
DA:106,16
DA:108,16
DA:109,16
DA:110,16
DA:111,16
DA:112,16
DA:115,16
DA:116,16
DA:117,3
DA:118,3
DA:119,3
DA:126,3
DA:130,16
DA:131,16
DA:132,16
DA:133,16
DA:138,16
DA:190,16
DA:191,16
DA:193,2
DA:195,1
DA:197,13
DA:199,0
DA:203,16
DA:209,16
DA:210,16
DA:213,15
DA:234,11
DA:235,11
DA:236,11
DA:237,2
DA:240,11
DA:248,11
DA:250,11
DA:252,11
DA:264,5
DA:265,5
DA:269,1
DA:270,17
DA:271,17
DA:273,17
DA:274,2
DA:276,15
DA:277,2
DA:279,13
DA:283,3
DA:286,10
DA:287,10
DA:289,10
DA:290,10
DA:295,9
DA:297,8
DA:298,8
DA:300,8
DA:306,6
DA:307,1
DA:308,1
DA:311,3
DA:312,3
DA:313,1
DA:315,0
DA:318,0
DA:325,0
DA:326,0
DA:327,0
DA:328,0
DA:330,0
DA:335,0
DA:341,0
DA:342,0
DA:343,0
DA:346,0
DA:348,0
DA:350,0
DA:354,0
DA:355,0
DA:356,0
DA:357,0
DA:358,0
DA:365,0
DA:371,0
DA:372,0
DA:373,1
DA:377,1
DA:379,1
DA:380,0
DA:381,0
DA:386,1
DA:387,1
DA:388,1
DA:389,0
DA:390,0
DA:391,0
DA:393,0
DA:399,0
DA:400,0
DA:404,3
DA:405,3
DA:406,3
DA:408,3
DA:415,3
DA:416,0
DA:417,0
DA:418,0
DA:426,2
DA:427,2
DA:428,2
DA:430,2
DA:435,2
DA:438,1
DA:451,1
DA:453,8
DA:454,8
DA:457,8
DA:459,8
DA:464,1
DA:469,7
DA:470,0
DA:474,7
DA:481,1
DA:482,8
DA:483,8
DA:484,8
DA:486,8
DA:487,1
DA:490,7
DA:491,7
DA:492,7
DA:493,7
DA:496,7
DA:503,7
DA:505,6
DA:506,1
DA:510,5
DA:511,4
DA:512,4
DA:520,5
DA:521,5
DA:522,5
DA:524,5
DA:558,5
DA:559,5
DA:573,5
DA:575,1
DA:576,1
DA:581,1
DA:582,3
DA:583,3
DA:584,3
DA:586,3
DA:587,3
DA:588,3
DA:589,3
DA:592,3
DA:599,2
DA:600,1
DA:601,1
DA:604,1
DA:605,1
DA:608,1
DA:613,1
DA:614,1
DA:616,1
DA:617,1
DA:622,1
DA:623,2
DA:625,2
DA:626,2
DA:627,2
DA:628,2
DA:630,2
DA:637,2
DA:638,0
DA:639,0
DA:642,2
DA:644,2
DA:651,0
DA:656,1
DA:657,3
DA:658,3
DA:659,3
DA:660,3
DA:662,3
DA:678,3
DA:680,2
DA:684,1
DA:689,2
DA:690,2
DA:695,1
DA:696,4
DA:697,4
DA:699,4
DA:700,4
DA:701,4
DA:703,4
DA:705,4
DA:706,1
DA:707,1
DA:710,4
DA:711,0
DA:712,0
DA:716,4
DA:734,4
DA:736,3
DA:747,3
DA:749,1
DA:750,1
DA:755,1
DA:756,3
DA:757,3
DA:759,3
DA:760,3
DA:761,3
DA:762,3
DA:765,3
DA:771,2
DA:772,1
DA:776,1
DA:800,1
DA:802,2
DA:817,1
DA:819,1
DA:820,1
DA:825,1
DA:826,4
DA:827,4
DA:828,4
DA:829,4
DA:830,4
DA:831,4
DA:834,4
DA:848,4
DA:849,3
DA:850,1
DA:853,2
DA:856,2
DA:880,2
DA:882,2
DA:892,1
DA:907,1
DA:908,1
DA:913,1
DA:914,10
DA:915,10
DA:916,10
DA:918,10
DA:919,3
DA:922,7
DA:923,7
DA:925,7
DA:926,7
DA:928,6
DA:929,6
DA:930,6
DA:933,6
DA:939,6
DA:940,2
DA:941,2
DA:945,2
DA:946,2
DA:947,2
DA:949,2
DA:955,2
DA:957,2
DA:959,2
DA:970,3
DA:971,3
DA:974,3
DA:975,3
DA:980,1
DA:981,0
DA:982,0
DA:984,0
DA:985,0
DA:987,0
DA:990,1
LF:320
LH:261
BRDA:3,0,0,0
BRDA:29,1,0,1
BRDA:29,1,1,0
BRDA:46,2,0,0
BRDA:46,2,1,0
BRDA:54,3,0,1
BRDA:67,4,0,0
BRDA:67,4,1,1
BRDA:67,5,0,1
BRDA:67,5,1,0
BRDA:87,6,0,0
BRDA:87,6,1,59
BRDA:97,7,0,13
BRDA:98,8,0,13
BRDA:99,9,0,12
BRDA:100,10,0,12
BRDA:101,11,0,12
BRDA:116,12,0,3
BRDA:116,12,1,13
BRDA:116,13,0,16
BRDA:116,13,1,3
BRDA:132,14,0,15
BRDA:132,14,1,1
BRDA:133,15,0,15
BRDA:133,15,1,1
BRDA:191,16,0,2
BRDA:191,16,1,1
BRDA:191,16,2,13
BRDA:191,16,3,0
BRDA:216,17,0,1
BRDA:216,17,1,3
BRDA:216,18,0,4
BRDA:216,18,1,3
BRDA:217,19,0,1
BRDA:217,19,1,3
BRDA:217,20,0,4
BRDA:217,20,1,3
BRDA:236,21,0,2
BRDA:236,21,1,9
BRDA:236,22,0,11
BRDA:236,22,1,2
BRDA:273,23,0,2
BRDA:273,23,1,15
BRDA:273,24,0,17
BRDA:273,24,1,16
BRDA:276,25,0,2
BRDA:276,25,1,13
BRDA:276,26,0,15
BRDA:276,26,1,14
BRDA:279,27,0,3
BRDA:279,27,1,10
BRDA:280,28,0,13
BRDA:280,28,1,4
BRDA:280,28,2,3
BRDA:280,28,3,2
BRDA:295,29,0,8
BRDA:295,29,1,1
BRDA:295,30,0,9
BRDA:295,30,1,8
BRDA:306,31,0,1
BRDA:306,31,1,3
BRDA:313,32,0,0
BRDA:313,32,1,1
BRDA:315,33,0,0
BRDA:315,33,1,0
BRDA:325,34,0,0
BRDA:325,34,1,0
BRDA:328,35,0,0
BRDA:328,35,1,0
BRDA:330,36,0,0
BRDA:330,36,1,0
BRDA:330,37,0,0
BRDA:330,37,1,0
BRDA:330,37,2,0
BRDA:348,38,0,0
BRDA:348,38,1,0
BRDA:357,39,0,0
BRDA:357,39,1,0
BRDA:362,40,0,0
BRDA:362,40,1,0
BRDA:373,41,0,1
BRDA:373,41,1,0
BRDA:379,42,0,0
BRDA:379,42,1,1
BRDA:415,43,0,0
BRDA:415,43,1,2
BRDA:420,44,0,0
BRDA:420,44,1,0
BRDA:441,45,0,0
BRDA:441,45,1,1
BRDA:459,46,0,1
BRDA:459,46,1,7
BRDA:460,47,0,8
BRDA:460,47,1,8
BRDA:460,47,2,8
BRDA:469,48,0,0
BRDA:469,48,1,7
BRDA:469,49,0,7
BRDA:469,49,1,7
BRDA:476,50,0,7
BRDA:476,50,1,0
BRDA:476,51,0,7
BRDA:476,51,1,7
BRDA:486,52,0,1
BRDA:486,52,1,7
BRDA:486,53,0,8
BRDA:486,53,1,7
BRDA:505,54,0,1
BRDA:505,54,1,5
BRDA:510,55,0,4
BRDA:510,55,1,1
BRDA:599,56,0,1
BRDA:599,56,1,1
BRDA:637,57,0,0
BRDA:637,57,1,2
BRDA:637,58,0,2
BRDA:637,58,1,0
BRDA:705,59,0,1
BRDA:705,59,1,3
BRDA:710,60,0,0
BRDA:710,60,1,4
BRDA:771,61,0,1
BRDA:771,61,1,1
BRDA:808,62,0,2
BRDA:808,62,1,1
BRDA:814,63,0,2
BRDA:814,63,1,0
BRDA:849,64,0,1
BRDA:849,64,1,2
BRDA:918,65,0,3
BRDA:918,65,1,7
BRDA:918,66,0,10
BRDA:918,66,1,8
BRDA:939,67,0,2
BRDA:939,67,1,2
BRDA:946,68,0,2
BRDA:946,68,1,0
BRDA:947,69,0,2
BRDA:947,69,1,1
BRDA:981,70,0,0
BRDA:981,70,1,0
BRDA:981,71,0,0
BRDA:981,71,1,0
BRF:143
BRH:100
end_of_record
